d:\users\86173\desktop\注入（作业）\注入(作业)\注入(作业)\x64\debug\vc143.pdb
d:\users\86173\desktop\注入（作业）\注入(作业)\注入(作业)\x64\debug\vc143.idb
d:\users\86173\desktop\注入（作业）\注入(作业)\注入(作业)\x64\debug\_tmain.obj
d:\users\86173\desktop\注入（作业）\注入(作业)\注入(作业)\x64\debug\threadhelper.obj
d:\users\86173\desktop\注入（作业）\注入(作业)\注入(作业)\x64\debug\systemhelper.obj
d:\users\86173\desktop\注入（作业）\注入(作业)\注入(作业)\x64\debug\stringhelper.obj
d:\users\86173\desktop\注入（作业）\注入(作业)\注入(作业)\x64\debug\processhelper.obj
d:\users\86173\desktop\注入（作业）\注入(作业)\注入(作业)\x64\debug\objecthelper.obj
d:\users\86173\desktop\注入（作业）\注入(作业)\注入(作业)\x64\debug\memoryhelper.obj
d:\users\86173\desktop\注入（作业）\注入(作业)\注入(作业)\x64\debug\filehelper.obj
d:\users\86173\desktop\注入（作业）\注入(作业)\注入(作业)\x64\debug\errorhelper.obj
d:\users\86173\desktop\注入（作业）\注入(作业)\注入(作业)\x64\debug\注入(作业).ilk
d:\users\86173\desktop\注入（作业）\注入(作业)\x64\debug\注入(作业).exe
d:\users\86173\desktop\注入（作业）\注入(作业)\x64\debug\注入(作业).pdb
d:\users\86173\desktop\注入（作业）\注入(作业)\注入(作业)\x64\debug\注入(作业).tlog\cl.command.1.tlog
d:\users\86173\desktop\注入（作业）\注入(作业)\注入(作业)\x64\debug\注入(作业).tlog\cl.read.1.tlog
d:\users\86173\desktop\注入（作业）\注入(作业)\注入(作业)\x64\debug\注入(作业).tlog\cl.write.1.tlog
d:\users\86173\desktop\注入（作业）\注入(作业)\注入(作业)\x64\debug\注入(作业).tlog\link.command.1.tlog
d:\users\86173\desktop\注入（作业）\注入(作业)\注入(作业)\x64\debug\注入(作业).tlog\link.read.1.tlog
d:\users\86173\desktop\注入（作业）\注入(作业)\注入(作业)\x64\debug\注入(作业).tlog\link.write.1.tlog
